Analysis & Synthesis report for BCDcount
Sat Feb 25 19:33:56 2023
Quartus Prime Version 18.1.0 Build 625 09/12/2018 SJ Lite Edition


---------------------
; Table of Contents ;
---------------------
  1. Legal Notice
  2. Analysis & Synthesis Summary
  3. Analysis & Synthesis Settings
  4. Parallel Compilation
  5. Analysis & Synthesis Source Files Read
  6. Analysis & Synthesis Resource Usage Summary
  7. Analysis & Synthesis Resource Utilization by Entity
  8. User-Specified and Inferred Latches
  9. Registers Removed During Synthesis
 10. General Register Statistics
 11. Post-Synthesis Netlist Statistics for Top Partition
 12. Elapsed Time Per Partition
 13. Analysis & Synthesis Messages



----------------
; Legal Notice ;
----------------
Copyright (C) 2018  Intel Corporation. All rights reserved.
Your use of Intel Corporation's design tools, logic functions 
and other software and tools, and its AMPP partner logic 
functions, and any output files from any of the foregoing 
(including device programming or simulation files), and any 
associated documentation or information are expressly subject 
to the terms and conditions of the Intel Program License 
Subscription Agreement, the Intel Quartus Prime License Agreement,
the Intel FPGA IP License Agreement, or other applicable license
agreement, including, without limitation, that your use is for
the sole purpose of programming logic devices manufactured by
Intel and sold by Intel or its authorized distributors.  Please
refer to the applicable agreement for further details.



+-------------------------------------------------------------------------------+
; Analysis & Synthesis Summary                                                  ;
+---------------------------------+---------------------------------------------+
; Analysis & Synthesis Status     ; Successful - Sat Feb 25 19:33:55 2023       ;
; Quartus Prime Version           ; 18.1.0 Build 625 09/12/2018 SJ Lite Edition ;
; Revision Name                   ; BCDcount                                    ;
; Top-level Entity Name           ; BCDcount                                    ;
; Family                          ; Cyclone V                                   ;
; Logic utilization (in ALMs)     ; N/A                                         ;
; Total registers                 ; 53                                          ;
; Total pins                      ; 59                                          ;
; Total virtual pins              ; 0                                           ;
; Total block memory bits         ; 0                                           ;
; Total DSP Blocks                ; 0                                           ;
; Total HSSI RX PCSs              ; 0                                           ;
; Total HSSI PMA RX Deserializers ; 0                                           ;
; Total HSSI TX PCSs              ; 0                                           ;
; Total HSSI PMA TX Serializers   ; 0                                           ;
; Total PLLs                      ; 0                                           ;
; Total DLLs                      ; 0                                           ;
+---------------------------------+---------------------------------------------+


+---------------------------------------------------------------------------------------------------------------------------+
; Analysis & Synthesis Settings                                                                                             ;
+---------------------------------------------------------------------------------+--------------------+--------------------+
; Option                                                                          ; Setting            ; Default Value      ;
+---------------------------------------------------------------------------------+--------------------+--------------------+
; Device                                                                          ; 5CEBA4F23C7        ;                    ;
; Top-level entity name                                                           ; BCDcount           ; BCDcount           ;
; Family name                                                                     ; Cyclone V          ; Cyclone V          ;
; Use smart compilation                                                           ; Off                ; Off                ;
; Enable parallel Assembler and Timing Analyzer during compilation                ; On                 ; On                 ;
; Enable compact report table                                                     ; Off                ; Off                ;
; Restructure Multiplexers                                                        ; Auto               ; Auto               ;
; MLAB Add Timing Constraints For Mixed-Port Feed-Through Mode Setting Don't Care ; Off                ; Off                ;
; Create Debugging Nodes for IP Cores                                             ; Off                ; Off                ;
; Preserve fewer node names                                                       ; On                 ; On                 ;
; Intel FPGA IP Evaluation Mode                                                   ; Enable             ; Enable             ;
; Verilog Version                                                                 ; Verilog_2001       ; Verilog_2001       ;
; VHDL Version                                                                    ; VHDL_1993          ; VHDL_1993          ;
; State Machine Processing                                                        ; Auto               ; Auto               ;
; Safe State Machine                                                              ; Off                ; Off                ;
; Extract Verilog State Machines                                                  ; On                 ; On                 ;
; Extract VHDL State Machines                                                     ; On                 ; On                 ;
; Ignore Verilog initial constructs                                               ; Off                ; Off                ;
; Iteration limit for constant Verilog loops                                      ; 5000               ; 5000               ;
; Iteration limit for non-constant Verilog loops                                  ; 250                ; 250                ;
; Add Pass-Through Logic to Inferred RAMs                                         ; On                 ; On                 ;
; Infer RAMs from Raw Logic                                                       ; On                 ; On                 ;
; Parallel Synthesis                                                              ; On                 ; On                 ;
; DSP Block Balancing                                                             ; Auto               ; Auto               ;
; NOT Gate Push-Back                                                              ; On                 ; On                 ;
; Power-Up Don't Care                                                             ; On                 ; On                 ;
; Remove Redundant Logic Cells                                                    ; Off                ; Off                ;
; Remove Duplicate Registers                                                      ; On                 ; On                 ;
; Ignore CARRY Buffers                                                            ; Off                ; Off                ;
; Ignore CASCADE Buffers                                                          ; Off                ; Off                ;
; Ignore GLOBAL Buffers                                                           ; Off                ; Off                ;
; Ignore ROW GLOBAL Buffers                                                       ; Off                ; Off                ;
; Ignore LCELL Buffers                                                            ; Off                ; Off                ;
; Ignore SOFT Buffers                                                             ; On                 ; On                 ;
; Limit AHDL Integers to 32 Bits                                                  ; Off                ; Off                ;
; Optimization Technique                                                          ; Balanced           ; Balanced           ;
; Carry Chain Length                                                              ; 70                 ; 70                 ;
; Auto Carry Chains                                                               ; On                 ; On                 ;
; Auto Open-Drain Pins                                                            ; On                 ; On                 ;
; Perform WYSIWYG Primitive Resynthesis                                           ; Off                ; Off                ;
; Auto ROM Replacement                                                            ; On                 ; On                 ;
; Auto RAM Replacement                                                            ; On                 ; On                 ;
; Auto DSP Block Replacement                                                      ; On                 ; On                 ;
; Auto Shift Register Replacement                                                 ; Auto               ; Auto               ;
; Allow Shift Register Merging across Hierarchies                                 ; Auto               ; Auto               ;
; Auto Clock Enable Replacement                                                   ; On                 ; On                 ;
; Strict RAM Replacement                                                          ; Off                ; Off                ;
; Allow Synchronous Control Signals                                               ; On                 ; On                 ;
; Force Use of Synchronous Clear Signals                                          ; Off                ; Off                ;
; Auto Resource Sharing                                                           ; Off                ; Off                ;
; Allow Any RAM Size For Recognition                                              ; Off                ; Off                ;
; Allow Any ROM Size For Recognition                                              ; Off                ; Off                ;
; Allow Any Shift Register Size For Recognition                                   ; Off                ; Off                ;
; Use LogicLock Constraints during Resource Balancing                             ; On                 ; On                 ;
; Ignore translate_off and synthesis_off directives                               ; Off                ; Off                ;
; Timing-Driven Synthesis                                                         ; On                 ; On                 ;
; Report Parameter Settings                                                       ; On                 ; On                 ;
; Report Source Assignments                                                       ; On                 ; On                 ;
; Report Connectivity Checks                                                      ; On                 ; On                 ;
; Ignore Maximum Fan-Out Assignments                                              ; Off                ; Off                ;
; Synchronization Register Chain Length                                           ; 3                  ; 3                  ;
; Power Optimization During Synthesis                                             ; Normal compilation ; Normal compilation ;
; HDL message level                                                               ; Level2             ; Level2             ;
; Suppress Register Optimization Related Messages                                 ; Off                ; Off                ;
; Number of Removed Registers Reported in Synthesis Report                        ; 5000               ; 5000               ;
; Number of Swept Nodes Reported in Synthesis Report                              ; 5000               ; 5000               ;
; Number of Inverted Registers Reported in Synthesis Report                       ; 100                ; 100                ;
; Clock MUX Protection                                                            ; On                 ; On                 ;
; Auto Gated Clock Conversion                                                     ; Off                ; Off                ;
; Block Design Naming                                                             ; Auto               ; Auto               ;
; SDC constraint protection                                                       ; Off                ; Off                ;
; Synthesis Effort                                                                ; Auto               ; Auto               ;
; Shift Register Replacement - Allow Asynchronous Clear Signal                    ; On                 ; On                 ;
; Pre-Mapping Resynthesis Optimization                                            ; Off                ; Off                ;
; Analysis & Synthesis Message Level                                              ; Medium             ; Medium             ;
; Disable Register Merging Across Hierarchies                                     ; Auto               ; Auto               ;
; Resource Aware Inference For Block RAM                                          ; On                 ; On                 ;
; Automatic Parallel Synthesis                                                    ; On                 ; On                 ;
; Partial Reconfiguration Bitstream ID                                            ; Off                ; Off                ;
+---------------------------------------------------------------------------------+--------------------+--------------------+


+------------------------------------------+
; Parallel Compilation                     ;
+----------------------------+-------------+
; Processors                 ; Number      ;
+----------------------------+-------------+
; Number detected on machine ; 8           ;
; Maximum allowed            ; 4           ;
;                            ;             ;
; Average used               ; 1.00        ;
; Maximum used               ; 4           ;
;                            ;             ;
; Usage by Processor         ; % Time Used ;
;     Processor 1            ; 100.0%      ;
;     Processors 2-4         ;   0.0%      ;
+----------------------------+-------------+


+----------------------------------------------------------------------------------------------------------------------------------------------------------------------------------------+
; Analysis & Synthesis Source Files Read                                                                                                                                                 ;
+----------------------------------+-----------------+-----------------+-------------------------------------------------------------------------------------------------------+---------+
; File Name with User-Entered Path ; Used in Netlist ; File Type       ; File Name with Absolute Path                                                                          ; Library ;
+----------------------------------+-----------------+-----------------+-------------------------------------------------------------------------------------------------------+---------+
; BCDcount.vhd                     ; yes             ; User VHDL File  ; C:/Users/mmwil/Desktop/CPEN-312/Lab 3/Quartus Example for lecture 09 - BCDcount/BCDcount/BCDcount.vhd ;         ;
+----------------------------------+-----------------+-----------------+-------------------------------------------------------------------------------------------------------+---------+


+-----------------------------------------------------------+
; Analysis & Synthesis Resource Usage Summary               ;
+---------------------------------------------+-------------+
; Resource                                    ; Usage       ;
+---------------------------------------------+-------------+
; Estimate of Logic utilization (ALMs needed) ; 132         ;
;                                             ;             ;
; Combinational ALUT usage for logic          ; 244         ;
;     -- 7 input functions                    ; 0           ;
;     -- 6 input functions                    ; 19          ;
;     -- 5 input functions                    ; 33          ;
;     -- 4 input functions                    ; 112         ;
;     -- <=3 input functions                  ; 80          ;
;                                             ;             ;
; Dedicated logic registers                   ; 53          ;
;                                             ;             ;
; I/O pins                                    ; 59          ;
;                                             ;             ;
; Total DSP Blocks                            ; 0           ;
;                                             ;             ;
; Maximum fan-out node                        ; RESET~input ;
; Maximum fan-out                             ; 75          ;
; Total fan-out                               ; 1204        ;
; Average fan-out                             ; 2.90        ;
+---------------------------------------------+-------------+


+----------------------------------------------------------------------------------------------------------------------------------------------------------------------------------------+
; Analysis & Synthesis Resource Utilization by Entity                                                                                                                                    ;
+----------------------------+---------------------+---------------------------+-------------------+------------+------+--------------+---------------------+-------------+--------------+
; Compilation Hierarchy Node ; Combinational ALUTs ; Dedicated Logic Registers ; Block Memory Bits ; DSP Blocks ; Pins ; Virtual Pins ; Full Hierarchy Name ; Entity Name ; Library Name ;
+----------------------------+---------------------+---------------------------+-------------------+------------+------+--------------+---------------------+-------------+--------------+
; |BCDcount                  ; 244 (244)           ; 53 (53)                   ; 0                 ; 0          ; 59   ; 0            ; |BCDcount           ; BCDcount    ; work         ;
+----------------------------+---------------------+---------------------------+-------------------+------------+------+--------------+---------------------+-------------+--------------+
Note: For table entries with two numbers listed, the numbers in parentheses indicate the number of resources of the given type used by the specific entity alone. The numbers listed outside of parentheses indicate the total resources of the given type used by the specific entity and all of its sub-entities in the hierarchy.


+----------------------------------------------------------------------------------------------------+
; User-Specified and Inferred Latches                                                                ;
+-----------------------------------------------------+---------------------+------------------------+
; Latch Name                                          ; Latch Enable Signal ; Free of Timing Hazards ;
+-----------------------------------------------------+---------------------+------------------------+
; FLASH_FLAG                                          ; GND                 ; yes                    ;
; AM_PM_ALARM                                         ; AM_PM_ALARM         ; yes                    ;
; HH_ALARM[0]                                         ; AM_PM_ALARM         ; yes                    ;
; HL_ALARM[0]                                         ; AM_PM_ALARM         ; yes                    ;
; HL_ALARM[1]                                         ; AM_PM_ALARM         ; yes                    ;
; HL_ALARM[2]                                         ; AM_PM_ALARM         ; yes                    ;
; HL_ALARM[3]                                         ; AM_PM_ALARM         ; yes                    ;
; MH_ALARM[0]                                         ; ML_ALARM[0]         ; yes                    ;
; MH_ALARM[1]                                         ; ML_ALARM[0]         ; yes                    ;
; MH_ALARM[2]                                         ; ML_ALARM[0]         ; yes                    ;
; MH_ALARM[3]                                         ; ML_ALARM[0]         ; yes                    ;
; ML_ALARM[0]                                         ; ML_ALARM[0]         ; yes                    ;
; ML_ALARM[1]                                         ; ML_ALARM[0]         ; yes                    ;
; ML_ALARM[2]                                         ; ML_ALARM[0]         ; yes                    ;
; ML_ALARM[3]                                         ; ML_ALARM[0]         ; yes                    ;
; SH_ALARM[0]                                         ; SH_ALARM[0]         ; yes                    ;
; SH_ALARM[1]                                         ; SH_ALARM[0]         ; yes                    ;
; SH_ALARM[2]                                         ; SH_ALARM[0]         ; yes                    ;
; SH_ALARM[3]                                         ; SH_ALARM[0]         ; yes                    ;
; SL_ALARM[0]                                         ; SH_ALARM[0]         ; yes                    ;
; SL_ALARM[1]                                         ; SH_ALARM[0]         ; yes                    ;
; SL_ALARM[2]                                         ; SH_ALARM[0]         ; yes                    ;
; SL_ALARM[3]                                         ; SH_ALARM[0]         ; yes                    ;
; Number of user-specified and inferred latches = 23  ;                     ;                        ;
+-----------------------------------------------------+---------------------+------------------------+
Note: All latches listed above may not be present at the end of synthesis due to various synthesis optimizations.


+-----------------------------------------------------------------+
; Registers Removed During Synthesis                              ;
+---------------------------------------+-------------------------+
; Register name                         ; Reason for Removal      ;
+---------------------------------------+-------------------------+
; HH_Digit[2,3]                         ; Merged with HH_Digit[1] ;
; Total Number of Removed Registers = 2 ;                         ;
+---------------------------------------+-------------------------+


+------------------------------------------------------+
; General Register Statistics                          ;
+----------------------------------------------+-------+
; Statistic                                    ; Value ;
+----------------------------------------------+-------+
; Total registers                              ; 53    ;
; Number of registers using Synchronous Clear  ; 29    ;
; Number of registers using Synchronous Load   ; 0     ;
; Number of registers using Asynchronous Clear ; 23    ;
; Number of registers using Asynchronous Load  ; 0     ;
; Number of registers using Clock Enable       ; 20    ;
; Number of registers using Preset             ; 0     ;
+----------------------------------------------+-------+


+-----------------------------------------------------+
; Post-Synthesis Netlist Statistics for Top Partition ;
+-----------------------+-----------------------------+
; Type                  ; Count                       ;
+-----------------------+-----------------------------+
; arriav_ff             ; 53                          ;
;     CLR               ; 3                           ;
;     ENA CLR           ; 20                          ;
;     SCLR              ; 29                          ;
;     plain             ; 1                           ;
; arriav_lcell_comb     ; 250                         ;
;     arith             ; 29                          ;
;         1 data inputs ; 29                          ;
;     normal            ; 221                         ;
;         0 data inputs ; 1                           ;
;         1 data inputs ; 5                           ;
;         2 data inputs ; 13                          ;
;         3 data inputs ; 38                          ;
;         4 data inputs ; 112                         ;
;         5 data inputs ; 33                          ;
;         6 data inputs ; 19                          ;
; boundary_port         ; 59                          ;
;                       ;                             ;
; Max LUT depth         ; 4.00                        ;
; Average LUT depth     ; 2.42                        ;
+-----------------------+-----------------------------+


+-------------------------------+
; Elapsed Time Per Partition    ;
+----------------+--------------+
; Partition Name ; Elapsed Time ;
+----------------+--------------+
; Top            ; 00:00:00     ;
+----------------+--------------+


+-------------------------------+
; Analysis & Synthesis Messages ;
+-------------------------------+
Info: *******************************************************************
Info: Running Quartus Prime Analysis & Synthesis
    Info: Version 18.1.0 Build 625 09/12/2018 SJ Lite Edition
    Info: Processing started: Sat Feb 25 19:33:43 2023
Info: Command: quartus_map --read_settings_files=on --write_settings_files=off BCDcount -c BCDcount
Warning (18236): Number of processors has not been specified which may cause overloading on shared machines.  Set the global assignment NUM_PARALLEL_PROCESSORS in your QSF to an appropriate value for best performance.
Info (20030): Parallel compilation is enabled and will use 4 of the 4 processors detected
Info (12021): Found 2 design units, including 1 entities, in source file bcdcount.vhd
    Info (12022): Found design unit 1: BCDcount-a File: C:/Users/mmwil/Desktop/CPEN-312/Lab 3/Quartus Example for lecture 09 - BCDcount/BCDcount/BCDcount.vhd Line: 15
    Info (12023): Found entity 1: BCDcount File: C:/Users/mmwil/Desktop/CPEN-312/Lab 3/Quartus Example for lecture 09 - BCDcount/BCDcount/BCDcount.vhd Line: 6
Info (12127): Elaborating entity "BCDcount" for the top level hierarchy
Warning (10492): VHDL Process Statement warning at BCDcount.vhd(49): signal "ALARM_ON" is read inside the Process Statement but isn't in the Process Statement's sensitivity list File: C:/Users/mmwil/Desktop/CPEN-312/Lab 3/Quartus Example for lecture 09 - BCDcount/BCDcount/BCDcount.vhd Line: 49
Warning (10492): VHDL Process Statement warning at BCDcount.vhd(49): signal "HH_ALARM" is read inside the Process Statement but isn't in the Process Statement's sensitivity list File: C:/Users/mmwil/Desktop/CPEN-312/Lab 3/Quartus Example for lecture 09 - BCDcount/BCDcount/BCDcount.vhd Line: 49
Warning (10492): VHDL Process Statement warning at BCDcount.vhd(49): signal "HH_Digit" is read inside the Process Statement but isn't in the Process Statement's sensitivity list File: C:/Users/mmwil/Desktop/CPEN-312/Lab 3/Quartus Example for lecture 09 - BCDcount/BCDcount/BCDcount.vhd Line: 49
Warning (10492): VHDL Process Statement warning at BCDcount.vhd(49): signal "HL_ALARM" is read inside the Process Statement but isn't in the Process Statement's sensitivity list File: C:/Users/mmwil/Desktop/CPEN-312/Lab 3/Quartus Example for lecture 09 - BCDcount/BCDcount/BCDcount.vhd Line: 49
Warning (10492): VHDL Process Statement warning at BCDcount.vhd(49): signal "HL_Digit" is read inside the Process Statement but isn't in the Process Statement's sensitivity list File: C:/Users/mmwil/Desktop/CPEN-312/Lab 3/Quartus Example for lecture 09 - BCDcount/BCDcount/BCDcount.vhd Line: 49
Warning (10492): VHDL Process Statement warning at BCDcount.vhd(49): signal "MH_ALARM" is read inside the Process Statement but isn't in the Process Statement's sensitivity list File: C:/Users/mmwil/Desktop/CPEN-312/Lab 3/Quartus Example for lecture 09 - BCDcount/BCDcount/BCDcount.vhd Line: 49
Warning (10492): VHDL Process Statement warning at BCDcount.vhd(49): signal "MH_Digit" is read inside the Process Statement but isn't in the Process Statement's sensitivity list File: C:/Users/mmwil/Desktop/CPEN-312/Lab 3/Quartus Example for lecture 09 - BCDcount/BCDcount/BCDcount.vhd Line: 49
Warning (10492): VHDL Process Statement warning at BCDcount.vhd(49): signal "ML_ALARM" is read inside the Process Statement but isn't in the Process Statement's sensitivity list File: C:/Users/mmwil/Desktop/CPEN-312/Lab 3/Quartus Example for lecture 09 - BCDcount/BCDcount/BCDcount.vhd Line: 49
Warning (10492): VHDL Process Statement warning at BCDcount.vhd(49): signal "ML_Digit" is read inside the Process Statement but isn't in the Process Statement's sensitivity list File: C:/Users/mmwil/Desktop/CPEN-312/Lab 3/Quartus Example for lecture 09 - BCDcount/BCDcount/BCDcount.vhd Line: 49
Warning (10492): VHDL Process Statement warning at BCDcount.vhd(49): signal "SH_ALARM" is read inside the Process Statement but isn't in the Process Statement's sensitivity list File: C:/Users/mmwil/Desktop/CPEN-312/Lab 3/Quartus Example for lecture 09 - BCDcount/BCDcount/BCDcount.vhd Line: 49
Warning (10492): VHDL Process Statement warning at BCDcount.vhd(49): signal "SH_Digit" is read inside the Process Statement but isn't in the Process Statement's sensitivity list File: C:/Users/mmwil/Desktop/CPEN-312/Lab 3/Quartus Example for lecture 09 - BCDcount/BCDcount/BCDcount.vhd Line: 49
Warning (10492): VHDL Process Statement warning at BCDcount.vhd(49): signal "SL_ALARM" is read inside the Process Statement but isn't in the Process Statement's sensitivity list File: C:/Users/mmwil/Desktop/CPEN-312/Lab 3/Quartus Example for lecture 09 - BCDcount/BCDcount/BCDcount.vhd Line: 49
Warning (10492): VHDL Process Statement warning at BCDcount.vhd(49): signal "SL_Digit" is read inside the Process Statement but isn't in the Process Statement's sensitivity list File: C:/Users/mmwil/Desktop/CPEN-312/Lab 3/Quartus Example for lecture 09 - BCDcount/BCDcount/BCDcount.vhd Line: 49
Warning (10492): VHDL Process Statement warning at BCDcount.vhd(49): signal "AM_PM_ALARM" is read inside the Process Statement but isn't in the Process Statement's sensitivity list File: C:/Users/mmwil/Desktop/CPEN-312/Lab 3/Quartus Example for lecture 09 - BCDcount/BCDcount/BCDcount.vhd Line: 49
Warning (10492): VHDL Process Statement warning at BCDcount.vhd(49): signal "AM_PM_Flag" is read inside the Process Statement but isn't in the Process Statement's sensitivity list File: C:/Users/mmwil/Desktop/CPEN-312/Lab 3/Quartus Example for lecture 09 - BCDcount/BCDcount/BCDcount.vhd Line: 49
Warning (10492): VHDL Process Statement warning at BCDcount.vhd(71): signal "SETTING_MODE" is read inside the Process Statement but isn't in the Process Statement's sensitivity list File: C:/Users/mmwil/Desktop/CPEN-312/Lab 3/Quartus Example for lecture 09 - BCDcount/BCDcount/BCDcount.vhd Line: 71
Warning (10492): VHDL Process Statement warning at BCDcount.vhd(73): signal "BCD_H" is read inside the Process Statement but isn't in the Process Statement's sensitivity list File: C:/Users/mmwil/Desktop/CPEN-312/Lab 3/Quartus Example for lecture 09 - BCDcount/BCDcount/BCDcount.vhd Line: 73
Warning (10492): VHDL Process Statement warning at BCDcount.vhd(73): signal "BCD_L" is read inside the Process Statement but isn't in the Process Statement's sensitivity list File: C:/Users/mmwil/Desktop/CPEN-312/Lab 3/Quartus Example for lecture 09 - BCDcount/BCDcount/BCDcount.vhd Line: 73
Warning (10492): VHDL Process Statement warning at BCDcount.vhd(76): signal "BCD_H" is read inside the Process Statement but isn't in the Process Statement's sensitivity list File: C:/Users/mmwil/Desktop/CPEN-312/Lab 3/Quartus Example for lecture 09 - BCDcount/BCDcount/BCDcount.vhd Line: 76
Warning (10492): VHDL Process Statement warning at BCDcount.vhd(79): signal "BCD_L" is read inside the Process Statement but isn't in the Process Statement's sensitivity list File: C:/Users/mmwil/Desktop/CPEN-312/Lab 3/Quartus Example for lecture 09 - BCDcount/BCDcount/BCDcount.vhd Line: 79
Warning (10492): VHDL Process Statement warning at BCDcount.vhd(80): signal "BCD_L" is read inside the Process Statement but isn't in the Process Statement's sensitivity list File: C:/Users/mmwil/Desktop/CPEN-312/Lab 3/Quartus Example for lecture 09 - BCDcount/BCDcount/BCDcount.vhd Line: 80
Warning (10492): VHDL Process Statement warning at BCDcount.vhd(84): signal "BCD_L" is read inside the Process Statement but isn't in the Process Statement's sensitivity list File: C:/Users/mmwil/Desktop/CPEN-312/Lab 3/Quartus Example for lecture 09 - BCDcount/BCDcount/BCDcount.vhd Line: 84
Warning (10492): VHDL Process Statement warning at BCDcount.vhd(89): signal "BCD_L" is read inside the Process Statement but isn't in the Process Statement's sensitivity list File: C:/Users/mmwil/Desktop/CPEN-312/Lab 3/Quartus Example for lecture 09 - BCDcount/BCDcount/BCDcount.vhd Line: 89
Warning (10492): VHDL Process Statement warning at BCDcount.vhd(95): signal "BCD_H" is read inside the Process Statement but isn't in the Process Statement's sensitivity list File: C:/Users/mmwil/Desktop/CPEN-312/Lab 3/Quartus Example for lecture 09 - BCDcount/BCDcount/BCDcount.vhd Line: 95
Warning (10492): VHDL Process Statement warning at BCDcount.vhd(96): signal "BCD_L" is read inside the Process Statement but isn't in the Process Statement's sensitivity list File: C:/Users/mmwil/Desktop/CPEN-312/Lab 3/Quartus Example for lecture 09 - BCDcount/BCDcount/BCDcount.vhd Line: 96
Warning (10492): VHDL Process Statement warning at BCDcount.vhd(101): signal "BCD_H" is read inside the Process Statement but isn't in the Process Statement's sensitivity list File: C:/Users/mmwil/Desktop/CPEN-312/Lab 3/Quartus Example for lecture 09 - BCDcount/BCDcount/BCDcount.vhd Line: 101
Warning (10492): VHDL Process Statement warning at BCDcount.vhd(101): signal "BCD_L" is read inside the Process Statement but isn't in the Process Statement's sensitivity list File: C:/Users/mmwil/Desktop/CPEN-312/Lab 3/Quartus Example for lecture 09 - BCDcount/BCDcount/BCDcount.vhd Line: 101
Warning (10492): VHDL Process Statement warning at BCDcount.vhd(104): signal "BCD_H" is read inside the Process Statement but isn't in the Process Statement's sensitivity list File: C:/Users/mmwil/Desktop/CPEN-312/Lab 3/Quartus Example for lecture 09 - BCDcount/BCDcount/BCDcount.vhd Line: 104
Warning (10492): VHDL Process Statement warning at BCDcount.vhd(107): signal "BCD_L" is read inside the Process Statement but isn't in the Process Statement's sensitivity list File: C:/Users/mmwil/Desktop/CPEN-312/Lab 3/Quartus Example for lecture 09 - BCDcount/BCDcount/BCDcount.vhd Line: 107
Warning (10492): VHDL Process Statement warning at BCDcount.vhd(108): signal "BCD_L" is read inside the Process Statement but isn't in the Process Statement's sensitivity list File: C:/Users/mmwil/Desktop/CPEN-312/Lab 3/Quartus Example for lecture 09 - BCDcount/BCDcount/BCDcount.vhd Line: 108
Warning (10492): VHDL Process Statement warning at BCDcount.vhd(112): signal "BCD_L" is read inside the Process Statement but isn't in the Process Statement's sensitivity list File: C:/Users/mmwil/Desktop/CPEN-312/Lab 3/Quartus Example for lecture 09 - BCDcount/BCDcount/BCDcount.vhd Line: 112
Warning (10492): VHDL Process Statement warning at BCDcount.vhd(117): signal "BCD_L" is read inside the Process Statement but isn't in the Process Statement's sensitivity list File: C:/Users/mmwil/Desktop/CPEN-312/Lab 3/Quartus Example for lecture 09 - BCDcount/BCDcount/BCDcount.vhd Line: 117
Warning (10492): VHDL Process Statement warning at BCDcount.vhd(123): signal "BCD_H" is read inside the Process Statement but isn't in the Process Statement's sensitivity list File: C:/Users/mmwil/Desktop/CPEN-312/Lab 3/Quartus Example for lecture 09 - BCDcount/BCDcount/BCDcount.vhd Line: 123
Warning (10492): VHDL Process Statement warning at BCDcount.vhd(124): signal "BCD_L" is read inside the Process Statement but isn't in the Process Statement's sensitivity list File: C:/Users/mmwil/Desktop/CPEN-312/Lab 3/Quartus Example for lecture 09 - BCDcount/BCDcount/BCDcount.vhd Line: 124
Warning (10492): VHDL Process Statement warning at BCDcount.vhd(130): signal "SETTING_MODE" is read inside the Process Statement but isn't in the Process Statement's sensitivity list File: C:/Users/mmwil/Desktop/CPEN-312/Lab 3/Quartus Example for lecture 09 - BCDcount/BCDcount/BCDcount.vhd Line: 130
Warning (10492): VHDL Process Statement warning at BCDcount.vhd(132): signal "BCD_H" is read inside the Process Statement but isn't in the Process Statement's sensitivity list File: C:/Users/mmwil/Desktop/CPEN-312/Lab 3/Quartus Example for lecture 09 - BCDcount/BCDcount/BCDcount.vhd Line: 132
Warning (10492): VHDL Process Statement warning at BCDcount.vhd(133): signal "BCD_L" is read inside the Process Statement but isn't in the Process Statement's sensitivity list File: C:/Users/mmwil/Desktop/CPEN-312/Lab 3/Quartus Example for lecture 09 - BCDcount/BCDcount/BCDcount.vhd Line: 133
Warning (10492): VHDL Process Statement warning at BCDcount.vhd(136): signal "BCD_H" is read inside the Process Statement but isn't in the Process Statement's sensitivity list File: C:/Users/mmwil/Desktop/CPEN-312/Lab 3/Quartus Example for lecture 09 - BCDcount/BCDcount/BCDcount.vhd Line: 136
Warning (10492): VHDL Process Statement warning at BCDcount.vhd(137): signal "BCD_L" is read inside the Process Statement but isn't in the Process Statement's sensitivity list File: C:/Users/mmwil/Desktop/CPEN-312/Lab 3/Quartus Example for lecture 09 - BCDcount/BCDcount/BCDcount.vhd Line: 137
Warning (10492): VHDL Process Statement warning at BCDcount.vhd(141): signal "SETTING_MODE" is read inside the Process Statement but isn't in the Process Statement's sensitivity list File: C:/Users/mmwil/Desktop/CPEN-312/Lab 3/Quartus Example for lecture 09 - BCDcount/BCDcount/BCDcount.vhd Line: 141
Warning (10492): VHDL Process Statement warning at BCDcount.vhd(143): signal "BCD_H" is read inside the Process Statement but isn't in the Process Statement's sensitivity list File: C:/Users/mmwil/Desktop/CPEN-312/Lab 3/Quartus Example for lecture 09 - BCDcount/BCDcount/BCDcount.vhd Line: 143
Warning (10492): VHDL Process Statement warning at BCDcount.vhd(144): signal "BCD_L" is read inside the Process Statement but isn't in the Process Statement's sensitivity list File: C:/Users/mmwil/Desktop/CPEN-312/Lab 3/Quartus Example for lecture 09 - BCDcount/BCDcount/BCDcount.vhd Line: 144
Warning (10492): VHDL Process Statement warning at BCDcount.vhd(147): signal "BCD_H" is read inside the Process Statement but isn't in the Process Statement's sensitivity list File: C:/Users/mmwil/Desktop/CPEN-312/Lab 3/Quartus Example for lecture 09 - BCDcount/BCDcount/BCDcount.vhd Line: 147
Warning (10492): VHDL Process Statement warning at BCDcount.vhd(148): signal "BCD_L" is read inside the Process Statement but isn't in the Process Statement's sensitivity list File: C:/Users/mmwil/Desktop/CPEN-312/Lab 3/Quartus Example for lecture 09 - BCDcount/BCDcount/BCDcount.vhd Line: 148
Warning (10631): VHDL Process Statement warning at BCDcount.vhd(46): inferring latch(es) for signal or variable "FLASH_FLAG", which holds its previous value in one or more paths through the process File: C:/Users/mmwil/Desktop/CPEN-312/Lab 3/Quartus Example for lecture 09 - BCDcount/BCDcount/BCDcount.vhd Line: 46
Warning (10631): VHDL Process Statement warning at BCDcount.vhd(46): inferring latch(es) for signal or variable "HH_ALARM", which holds its previous value in one or more paths through the process File: C:/Users/mmwil/Desktop/CPEN-312/Lab 3/Quartus Example for lecture 09 - BCDcount/BCDcount/BCDcount.vhd Line: 46
Warning (10631): VHDL Process Statement warning at BCDcount.vhd(46): inferring latch(es) for signal or variable "HL_ALARM", which holds its previous value in one or more paths through the process File: C:/Users/mmwil/Desktop/CPEN-312/Lab 3/Quartus Example for lecture 09 - BCDcount/BCDcount/BCDcount.vhd Line: 46
Warning (10631): VHDL Process Statement warning at BCDcount.vhd(46): inferring latch(es) for signal or variable "MH_ALARM", which holds its previous value in one or more paths through the process File: C:/Users/mmwil/Desktop/CPEN-312/Lab 3/Quartus Example for lecture 09 - BCDcount/BCDcount/BCDcount.vhd Line: 46
Warning (10631): VHDL Process Statement warning at BCDcount.vhd(46): inferring latch(es) for signal or variable "ML_ALARM", which holds its previous value in one or more paths through the process File: C:/Users/mmwil/Desktop/CPEN-312/Lab 3/Quartus Example for lecture 09 - BCDcount/BCDcount/BCDcount.vhd Line: 46
Warning (10631): VHDL Process Statement warning at BCDcount.vhd(46): inferring latch(es) for signal or variable "SH_ALARM", which holds its previous value in one or more paths through the process File: C:/Users/mmwil/Desktop/CPEN-312/Lab 3/Quartus Example for lecture 09 - BCDcount/BCDcount/BCDcount.vhd Line: 46
Warning (10631): VHDL Process Statement warning at BCDcount.vhd(46): inferring latch(es) for signal or variable "SL_ALARM", which holds its previous value in one or more paths through the process File: C:/Users/mmwil/Desktop/CPEN-312/Lab 3/Quartus Example for lecture 09 - BCDcount/BCDcount/BCDcount.vhd Line: 46
Warning (10631): VHDL Process Statement warning at BCDcount.vhd(46): inferring latch(es) for signal or variable "AM_PM_ALARM", which holds its previous value in one or more paths through the process File: C:/Users/mmwil/Desktop/CPEN-312/Lab 3/Quartus Example for lecture 09 - BCDcount/BCDcount/BCDcount.vhd Line: 46
Info (10041): Inferred latch for "AM_PM_ALARM" at BCDcount.vhd(46) File: C:/Users/mmwil/Desktop/CPEN-312/Lab 3/Quartus Example for lecture 09 - BCDcount/BCDcount/BCDcount.vhd Line: 46
Info (10041): Inferred latch for "SL_ALARM[0]" at BCDcount.vhd(46) File: C:/Users/mmwil/Desktop/CPEN-312/Lab 3/Quartus Example for lecture 09 - BCDcount/BCDcount/BCDcount.vhd Line: 46
Info (10041): Inferred latch for "SL_ALARM[1]" at BCDcount.vhd(46) File: C:/Users/mmwil/Desktop/CPEN-312/Lab 3/Quartus Example for lecture 09 - BCDcount/BCDcount/BCDcount.vhd Line: 46
Info (10041): Inferred latch for "SL_ALARM[2]" at BCDcount.vhd(46) File: C:/Users/mmwil/Desktop/CPEN-312/Lab 3/Quartus Example for lecture 09 - BCDcount/BCDcount/BCDcount.vhd Line: 46
Info (10041): Inferred latch for "SL_ALARM[3]" at BCDcount.vhd(46) File: C:/Users/mmwil/Desktop/CPEN-312/Lab 3/Quartus Example for lecture 09 - BCDcount/BCDcount/BCDcount.vhd Line: 46
Info (10041): Inferred latch for "SH_ALARM[0]" at BCDcount.vhd(46) File: C:/Users/mmwil/Desktop/CPEN-312/Lab 3/Quartus Example for lecture 09 - BCDcount/BCDcount/BCDcount.vhd Line: 46
Info (10041): Inferred latch for "SH_ALARM[1]" at BCDcount.vhd(46) File: C:/Users/mmwil/Desktop/CPEN-312/Lab 3/Quartus Example for lecture 09 - BCDcount/BCDcount/BCDcount.vhd Line: 46
Info (10041): Inferred latch for "SH_ALARM[2]" at BCDcount.vhd(46) File: C:/Users/mmwil/Desktop/CPEN-312/Lab 3/Quartus Example for lecture 09 - BCDcount/BCDcount/BCDcount.vhd Line: 46
Info (10041): Inferred latch for "SH_ALARM[3]" at BCDcount.vhd(46) File: C:/Users/mmwil/Desktop/CPEN-312/Lab 3/Quartus Example for lecture 09 - BCDcount/BCDcount/BCDcount.vhd Line: 46
Info (10041): Inferred latch for "ML_ALARM[0]" at BCDcount.vhd(46) File: C:/Users/mmwil/Desktop/CPEN-312/Lab 3/Quartus Example for lecture 09 - BCDcount/BCDcount/BCDcount.vhd Line: 46
Info (10041): Inferred latch for "ML_ALARM[1]" at BCDcount.vhd(46) File: C:/Users/mmwil/Desktop/CPEN-312/Lab 3/Quartus Example for lecture 09 - BCDcount/BCDcount/BCDcount.vhd Line: 46
Info (10041): Inferred latch for "ML_ALARM[2]" at BCDcount.vhd(46) File: C:/Users/mmwil/Desktop/CPEN-312/Lab 3/Quartus Example for lecture 09 - BCDcount/BCDcount/BCDcount.vhd Line: 46
Info (10041): Inferred latch for "ML_ALARM[3]" at BCDcount.vhd(46) File: C:/Users/mmwil/Desktop/CPEN-312/Lab 3/Quartus Example for lecture 09 - BCDcount/BCDcount/BCDcount.vhd Line: 46
Info (10041): Inferred latch for "MH_ALARM[0]" at BCDcount.vhd(46) File: C:/Users/mmwil/Desktop/CPEN-312/Lab 3/Quartus Example for lecture 09 - BCDcount/BCDcount/BCDcount.vhd Line: 46
Info (10041): Inferred latch for "MH_ALARM[1]" at BCDcount.vhd(46) File: C:/Users/mmwil/Desktop/CPEN-312/Lab 3/Quartus Example for lecture 09 - BCDcount/BCDcount/BCDcount.vhd Line: 46
Info (10041): Inferred latch for "MH_ALARM[2]" at BCDcount.vhd(46) File: C:/Users/mmwil/Desktop/CPEN-312/Lab 3/Quartus Example for lecture 09 - BCDcount/BCDcount/BCDcount.vhd Line: 46
Info (10041): Inferred latch for "MH_ALARM[3]" at BCDcount.vhd(46) File: C:/Users/mmwil/Desktop/CPEN-312/Lab 3/Quartus Example for lecture 09 - BCDcount/BCDcount/BCDcount.vhd Line: 46
Info (10041): Inferred latch for "HL_ALARM[0]" at BCDcount.vhd(46) File: C:/Users/mmwil/Desktop/CPEN-312/Lab 3/Quartus Example for lecture 09 - BCDcount/BCDcount/BCDcount.vhd Line: 46
Info (10041): Inferred latch for "HL_ALARM[1]" at BCDcount.vhd(46) File: C:/Users/mmwil/Desktop/CPEN-312/Lab 3/Quartus Example for lecture 09 - BCDcount/BCDcount/BCDcount.vhd Line: 46
Info (10041): Inferred latch for "HL_ALARM[2]" at BCDcount.vhd(46) File: C:/Users/mmwil/Desktop/CPEN-312/Lab 3/Quartus Example for lecture 09 - BCDcount/BCDcount/BCDcount.vhd Line: 46
Info (10041): Inferred latch for "HL_ALARM[3]" at BCDcount.vhd(46) File: C:/Users/mmwil/Desktop/CPEN-312/Lab 3/Quartus Example for lecture 09 - BCDcount/BCDcount/BCDcount.vhd Line: 46
Info (10041): Inferred latch for "HH_ALARM[0]" at BCDcount.vhd(46) File: C:/Users/mmwil/Desktop/CPEN-312/Lab 3/Quartus Example for lecture 09 - BCDcount/BCDcount/BCDcount.vhd Line: 46
Info (10041): Inferred latch for "HH_ALARM[1]" at BCDcount.vhd(46) File: C:/Users/mmwil/Desktop/CPEN-312/Lab 3/Quartus Example for lecture 09 - BCDcount/BCDcount/BCDcount.vhd Line: 46
Info (10041): Inferred latch for "HH_ALARM[2]" at BCDcount.vhd(46) File: C:/Users/mmwil/Desktop/CPEN-312/Lab 3/Quartus Example for lecture 09 - BCDcount/BCDcount/BCDcount.vhd Line: 46
Info (10041): Inferred latch for "HH_ALARM[3]" at BCDcount.vhd(46) File: C:/Users/mmwil/Desktop/CPEN-312/Lab 3/Quartus Example for lecture 09 - BCDcount/BCDcount/BCDcount.vhd Line: 46
Info (10041): Inferred latch for "FLASH_FLAG" at BCDcount.vhd(46) File: C:/Users/mmwil/Desktop/CPEN-312/Lab 3/Quartus Example for lecture 09 - BCDcount/BCDcount/BCDcount.vhd Line: 46
Warning (13004): Presettable and clearable registers converted to equivalent circuits with latches. Registers power-up to an undefined state, and DEVCLRn places the registers in an undefined state.
    Warning (13310): Register "HH_Digit[1]" is converted into an equivalent circuit using register "HH_Digit[1]~_emulated" and latch "HH_Digit[1]~1" File: C:/Users/mmwil/Desktop/CPEN-312/Lab 3/Quartus Example for lecture 09 - BCDcount/BCDcount/BCDcount.vhd Line: 53
    Warning (13310): Register "HH_Digit[0]" is converted into an equivalent circuit using register "HH_Digit[0]~_emulated" and latch "HH_Digit[0]~5" File: C:/Users/mmwil/Desktop/CPEN-312/Lab 3/Quartus Example for lecture 09 - BCDcount/BCDcount/BCDcount.vhd Line: 53
    Warning (13310): Register "HL_Digit[3]" is converted into an equivalent circuit using register "HL_Digit[3]~_emulated" and latch "HL_Digit[3]~1" File: C:/Users/mmwil/Desktop/CPEN-312/Lab 3/Quartus Example for lecture 09 - BCDcount/BCDcount/BCDcount.vhd Line: 53
    Warning (13310): Register "HL_Digit[2]" is converted into an equivalent circuit using register "HL_Digit[2]~_emulated" and latch "HL_Digit[2]~5" File: C:/Users/mmwil/Desktop/CPEN-312/Lab 3/Quartus Example for lecture 09 - BCDcount/BCDcount/BCDcount.vhd Line: 53
    Warning (13310): Register "HL_Digit[1]" is converted into an equivalent circuit using register "HL_Digit[1]~_emulated" and latch "HL_Digit[1]~9" File: C:/Users/mmwil/Desktop/CPEN-312/Lab 3/Quartus Example for lecture 09 - BCDcount/BCDcount/BCDcount.vhd Line: 53
    Warning (13310): Register "HL_Digit[0]" is converted into an equivalent circuit using register "HL_Digit[0]~_emulated" and latch "HL_Digit[0]~13" File: C:/Users/mmwil/Desktop/CPEN-312/Lab 3/Quartus Example for lecture 09 - BCDcount/BCDcount/BCDcount.vhd Line: 53
    Warning (13310): Register "MH_Digit[0]" is converted into an equivalent circuit using register "MH_Digit[0]~_emulated" and latch "MH_Digit[0]~1" File: C:/Users/mmwil/Desktop/CPEN-312/Lab 3/Quartus Example for lecture 09 - BCDcount/BCDcount/BCDcount.vhd Line: 53
    Warning (13310): Register "MH_Digit[1]" is converted into an equivalent circuit using register "MH_Digit[1]~_emulated" and latch "MH_Digit[1]~5" File: C:/Users/mmwil/Desktop/CPEN-312/Lab 3/Quartus Example for lecture 09 - BCDcount/BCDcount/BCDcount.vhd Line: 53
    Warning (13310): Register "MH_Digit[2]" is converted into an equivalent circuit using register "MH_Digit[2]~_emulated" and latch "MH_Digit[2]~9" File: C:/Users/mmwil/Desktop/CPEN-312/Lab 3/Quartus Example for lecture 09 - BCDcount/BCDcount/BCDcount.vhd Line: 53
    Warning (13310): Register "MH_Digit[3]" is converted into an equivalent circuit using register "MH_Digit[3]~_emulated" and latch "MH_Digit[3]~13" File: C:/Users/mmwil/Desktop/CPEN-312/Lab 3/Quartus Example for lecture 09 - BCDcount/BCDcount/BCDcount.vhd Line: 53
    Warning (13310): Register "ML_Digit[0]" is converted into an equivalent circuit using register "ML_Digit[0]~_emulated" and latch "ML_Digit[0]~1" File: C:/Users/mmwil/Desktop/CPEN-312/Lab 3/Quartus Example for lecture 09 - BCDcount/BCDcount/BCDcount.vhd Line: 53
    Warning (13310): Register "ML_Digit[1]" is converted into an equivalent circuit using register "ML_Digit[1]~_emulated" and latch "ML_Digit[1]~5" File: C:/Users/mmwil/Desktop/CPEN-312/Lab 3/Quartus Example for lecture 09 - BCDcount/BCDcount/BCDcount.vhd Line: 53
    Warning (13310): Register "ML_Digit[2]" is converted into an equivalent circuit using register "ML_Digit[2]~_emulated" and latch "ML_Digit[2]~9" File: C:/Users/mmwil/Desktop/CPEN-312/Lab 3/Quartus Example for lecture 09 - BCDcount/BCDcount/BCDcount.vhd Line: 53
    Warning (13310): Register "ML_Digit[3]" is converted into an equivalent circuit using register "ML_Digit[3]~_emulated" and latch "ML_Digit[3]~13" File: C:/Users/mmwil/Desktop/CPEN-312/Lab 3/Quartus Example for lecture 09 - BCDcount/BCDcount/BCDcount.vhd Line: 53
    Warning (13310): Register "SH_Digit[0]" is converted into an equivalent circuit using register "SH_Digit[0]~_emulated" and latch "SH_Digit[0]~1" File: C:/Users/mmwil/Desktop/CPEN-312/Lab 3/Quartus Example for lecture 09 - BCDcount/BCDcount/BCDcount.vhd Line: 53
    Warning (13310): Register "SH_Digit[1]" is converted into an equivalent circuit using register "SH_Digit[1]~_emulated" and latch "SH_Digit[1]~5" File: C:/Users/mmwil/Desktop/CPEN-312/Lab 3/Quartus Example for lecture 09 - BCDcount/BCDcount/BCDcount.vhd Line: 53
    Warning (13310): Register "SH_Digit[2]" is converted into an equivalent circuit using register "SH_Digit[2]~_emulated" and latch "SH_Digit[2]~9" File: C:/Users/mmwil/Desktop/CPEN-312/Lab 3/Quartus Example for lecture 09 - BCDcount/BCDcount/BCDcount.vhd Line: 53
    Warning (13310): Register "SH_Digit[3]" is converted into an equivalent circuit using register "SH_Digit[3]~_emulated" and latch "SH_Digit[3]~13" File: C:/Users/mmwil/Desktop/CPEN-312/Lab 3/Quartus Example for lecture 09 - BCDcount/BCDcount/BCDcount.vhd Line: 53
    Warning (13310): Register "SL_Digit[0]" is converted into an equivalent circuit using register "SL_Digit[0]~_emulated" and latch "SL_Digit[0]~1" File: C:/Users/mmwil/Desktop/CPEN-312/Lab 3/Quartus Example for lecture 09 - BCDcount/BCDcount/BCDcount.vhd Line: 53
    Warning (13310): Register "SL_Digit[1]" is converted into an equivalent circuit using register "SL_Digit[1]~_emulated" and latch "SL_Digit[1]~5" File: C:/Users/mmwil/Desktop/CPEN-312/Lab 3/Quartus Example for lecture 09 - BCDcount/BCDcount/BCDcount.vhd Line: 53
    Warning (13310): Register "SL_Digit[2]" is converted into an equivalent circuit using register "SL_Digit[2]~_emulated" and latch "SL_Digit[2]~9" File: C:/Users/mmwil/Desktop/CPEN-312/Lab 3/Quartus Example for lecture 09 - BCDcount/BCDcount/BCDcount.vhd Line: 53
    Warning (13310): Register "SL_Digit[3]" is converted into an equivalent circuit using register "SL_Digit[3]~_emulated" and latch "SL_Digit[3]~13" File: C:/Users/mmwil/Desktop/CPEN-312/Lab 3/Quartus Example for lecture 09 - BCDcount/BCDcount/BCDcount.vhd Line: 53
    Warning (13310): Register "AM_PM_Flag" is converted into an equivalent circuit using register "AM_PM_Flag~_emulated" and latch "AM_PM_Flag~1" File: C:/Users/mmwil/Desktop/CPEN-312/Lab 3/Quartus Example for lecture 09 - BCDcount/BCDcount/BCDcount.vhd Line: 53
Warning (13024): Output pins are stuck at VCC or GND
    Warning (13410): Pin "HH[6]" is stuck at VCC File: C:/Users/mmwil/Desktop/CPEN-312/Lab 3/Quartus Example for lecture 09 - BCDcount/BCDcount/BCDcount.vhd Line: 10
Info (286030): Timing-Driven Synthesis is running
Info (16010): Generating hard_block partition "hard_block:auto_generated_inst"
    Info (16011): Adding 0 node(s), including 0 DDIO, 0 PLL, 0 transceiver and 0 LCELL
Info (21057): Implemented 305 device resources after synthesis - the final resource count might be different
    Info (21058): Implemented 15 input pins
    Info (21059): Implemented 44 output pins
    Info (21061): Implemented 246 logic cells
Info: Quartus Prime Analysis & Synthesis was successful. 0 errors, 79 warnings
    Info: Peak virtual memory: 4849 megabytes
    Info: Processing ended: Sat Feb 25 19:33:56 2023
    Info: Elapsed time: 00:00:13
    Info: Total CPU time (on all processors): 00:00:26


